<?xml version="1.0" encoding="utf-8"?>
<shfbBuild product="Sandcastle Help File Builder and Tools" version="2015.7.25.0" projectFile="C:\Users\Dreanor\Desktop\test.shfbproj" started="12.12.2015 02:08:49">
<buildStep step="Initializing">
Finding tools...
The Sandcastle tools are located in &#39;C:\Program Files (x86)\EWSoftware\Sandcastle Help File Builder\&#39;
Locating components in the following folder(s):
    C:\Users\Dreanor\Desktop
    C:\ProgramData\EWSoftware\Sandcastle Help File Builder\Components and Plug-Ins\
    C:\Program Files (x86)\EWSoftware\Sandcastle Help File Builder\
Framework reflection data location: C:\Program Files (x86)\EWSoftware\Sandcastle Help File Builder\Data\.NETFramework
Using presentation style &#39;VS2013&#39; located in &#39;C:\Program Files (x86)\EWSoftware\Sandcastle Help File Builder\PresentationStyles\VS2013&#39;
Loading and initializing plug-ins...
Lightweight Website Style Version 2015.7.25.0
Copyright &#169; 2006-2015, Eric Woodruff, All Rights Reserved
Portions Copyright &#169; 2014, Sam Harwell, All Rights Reserved
-------------------------------
Clearing any prior web/markdown output...
    Did not delete folder &#39;D:\Development\c#\GW2-CSharp-Documentation\.git&#39; as it contains read-only or hidden folders/files
</buildStep>
<buildStep step="ValidatingDocumentationSources">
Validating and copying documentation source information
Source: D:\Development\c#\GW2-CSharp\GW2CSharp\bin\Release\GW2CSharp.dll
    Found assembly &#39;D:\Development\c#\GW2-CSharp\GW2CSharp\bin\Release\GW2CSharp.dll&#39;
Source: D:\Development\c#\GW2-CSharp\GW2CSharp\bin\Release\GW2CSharp.xml

Copying XML comments files
    D:\Development\c#\GW2-CSharp\GW2CSharp\bin\Release\GW2CSharp.xml -&gt; D:\Development\c#\GW2-CSharp-Documentation\Working\GW2CSharp.xml
</buildStep>
<buildStep step="GenerateSharedContent">
Generating shared content files (en-US, English (United States))...
<plugIn name="Lightweight Website Style" behavior="After" priority="1000">
</plugIn>    Last step completed in 00:00:00,0130
</buildStep>
<buildStep step="GenerateApiFilter">
Generating API filter for MRefBuilder...
    Last step completed in 00:00:00,0070
</buildStep>
<buildStep step="GenerateReflectionInfo">
Generating reflection information...
[C:\Windows\Microsoft.NET\Framework64\v4.0.30319\MSBuild.exe - GenerateRefInfo.proj]
Build started 12.12.2015 02:08:50.
Project &quot;D:\Development\c#\GW2-CSharp-Documentation\Working\GenerateRefInfo.proj&quot; on node 1 (default targets).
PrepareForBuild:
  Creating directory &quot;obj\Debug\&quot;.
GenerateRefInfo:
  MRefBuilder (v2015.7.25.0)
  Copyright &#184; 2006-2015, Microsoft Corporation, All Rights Reserved.
  Portions Copyright &#184; 2006-2015, Eric Woodruff, All Rights Reserved.
  Loaded 1 assemblies for reflection and 1 dependency assemblies.
  Wrote information on 38 namespaces, 108 types, and 720 members
  Copying file from &quot;reflection.org&quot; to &quot;reflection.all&quot;.
  XslTransform (v2015.7.25.0)
  Copyright &#184; 2006-2015, Microsoft Corporation, All Rights Reserved.
  Portions Copyright &#184; 2006-2015, Eric Woodruff, All Rights Reserved.
  Applying XSL transformation &#39;C:\Program Files (x86)\EWSoftware\Sandcastle Help File Builder\ProductionTransforms\MergeDuplicates.xsl&#39;.
Done Building Project &quot;D:\Development\c#\GW2-CSharp-Documentation\Working\GenerateRefInfo.proj&quot; (default targets).

Build succeeded.

Time Elapsed 00:00:00.45
    Last step completed in 00:00:00,5290
</buildStep>
<buildStep step="TransformReflectionInfo">
Transforming reflection output...
[C:\Windows\Microsoft.NET\Framework64\v4.0.30319\MSBuild.exe - TransformManifest.proj]
Build started 12.12.2015 02:08:51.
Project &quot;D:\Development\c#\GW2-CSharp-Documentation\Working\TransformManifest.proj&quot; on node 1 (default targets).
TransformManifest:
  XslTransform (v2015.7.25.0)
  Copyright &#184; 2006-2015, Microsoft Corporation, All Rights Reserved.
  Portions Copyright &#184; 2006-2015, Eric Woodruff, All Rights Reserved.
  Applying XSL transformation &#39;C:\Program Files (x86)\EWSoftware\Sandcastle Help File Builder\\ProductionTransforms\ApplyVSDocModel.xsl&#39;.
  Copying file from &quot;reflection.xml&quot; to &quot;reflection.nofilenames&quot;.
  XslTransform (v2015.7.25.0)
  Copyright &#184; 2006-2015, Microsoft Corporation, All Rights Reserved.
  Portions Copyright &#184; 2006-2015, Eric Woodruff, All Rights Reserved.
  Applying XSL transformation &#39;C:\Program Files (x86)\EWSoftware\Sandcastle Help File Builder\ProductionTransforms\AddFilenames.xsl&#39;.
    Unique name M_GW2CSharp_GW2Api_V2_1 generated for M:GW2CSharp.GW2Api.V2(GW2CSharp.Enums.RequestedLanguage)
    Unique name M_GW2CSharp_GW2Api_V2_2 generated for M:GW2CSharp.GW2Api.V2(System.String)
    Unique name M_GW2CSharp_GW2Api_V2_3 generated for M:GW2CSharp.GW2Api.V2(System.String,GW2CSharp.Enums.RequestedLanguage)
    Unique name M_GW2CSharp_Entities_Money__ctor_1 generated for M:GW2CSharp.Entities.Money.#ctor(System.Int32,System.Int32,System.Int32)
    Unique name M_GW2CSharp_Services_RenderService_GetImage_1 generated for M:GW2CSharp.Services.RenderService.GetImage(System.String,System.String,GW2CSharp.Services.Enums.FileFormat)
    Unique name M_GW2CSharp_V2_Authenticated_Account_AccountWrapper_Get_1 generated for M:GW2CSharp.V2.Authenticated.Account.AccountWrapper.Get(System.String)
    Unique name M_GW2CSharp_V2_Authenticated_Commerce_TransactionsWrapper_GetCurrentBuys_1 generated for M:GW2CSharp.V2.Authenticated.Commerce.TransactionsWrapper.GetCurrentBuys(System.String)
    Unique name M_GW2CSharp_V2_Authenticated_Commerce_TransactionsWrapper_GetCurrentSells_1 generated for M:GW2CSharp.V2.Authenticated.Commerce.TransactionsWrapper.GetCurrentSells(System.String)
    Unique name M_GW2CSharp_V2_Authenticated_Commerce_TransactionsWrapper_GetHistoryBuys_1 generated for M:GW2CSharp.V2.Authenticated.Commerce.TransactionsWrapper.GetHistoryBuys(System.String)
    Unique name M_GW2CSharp_V2_Authenticated_Commerce_TransactionsWrapper_GetHistorySells_1 generated for M:GW2CSharp.V2.Authenticated.Commerce.TransactionsWrapper.GetHistorySells(System.String)
    Unique name M_GW2CSharp_V2_Authenticated_Pvp_Games_PvpGameWrapper_GetRecent_1 generated for M:GW2CSharp.V2.Authenticated.Pvp.Games.PvpGameWrapper.GetRecent(System.String)
    Unique name M_GW2CSharp_V2_Authenticated_Pvp_Stats_PvpStatisticWrapper_Get_1 generated for M:GW2CSharp.V2.Authenticated.Pvp.Stats.PvpStatisticWrapper.Get(System.String)
    Unique name M_GW2CSharp_V2_Authenticated_TokenInfo_TokeninfoWrapper_Get_1 generated for M:GW2CSharp.V2.Authenticated.TokenInfo.TokeninfoWrapper.Get(System.String)
    Unique name M_GW2CSharp_V2_Unauthenticated_Achievement_AchievementWrapper_Get_1 generated for M:GW2CSharp.V2.Unauthenticated.Achievement.AchievementWrapper.Get(System.Int32,GW2CSharp.Enums.RequestedLanguage)
    Unique name M_GW2CSharp_V2_Unauthenticated_Achievement_AchievementWrapper_GetAll_1 generated for M:GW2CSharp.V2.Unauthenticated.Achievement.AchievementWrapper.GetAll(GW2CSharp.Enums.RequestedLanguage)
    Unique name M_GW2CSharp_V2_Unauthenticated_Achievement_AchievementWrapper_GetMultiple_1 generated for M:GW2CSharp.V2.Unauthenticated.Achievement.AchievementWrapper.GetMultiple(System.Int32[])
    Unique name M_GW2CSharp_V2_Unauthenticated_Colors_ColorWrapper_GetAll_1 generated for M:GW2CSharp.V2.Unauthenticated.Colors.ColorWrapper.GetAll(GW2CSharp.Enums.RequestedLanguage)
    Unique name M_GW2CSharp_V2_Unauthenticated_Colors_ColorWrapper_GetById_1 generated for M:GW2CSharp.V2.Unauthenticated.Colors.ColorWrapper.GetById(System.Int32,GW2CSharp.Enums.RequestedLanguage)
    Unique name M_GW2CSharp_V2_Unauthenticated_Colors_ColorWrapper_GetByPage_1 generated for M:GW2CSharp.V2.Unauthenticated.Colors.ColorWrapper.GetByPage(System.Int32,System.Int32,GW2CSharp.Enums.RequestedLanguage)
    Unique name M_GW2CSharp_V2_Unauthenticated_Commerce_ListingWrapper_GetMultiple_1 generated for M:GW2CSharp.V2.Unauthenticated.Commerce.ListingWrapper.GetMultiple(System.Int32[])
    Unique name M_GW2CSharp_V2_Unauthenticated_Commerce_PriceWrapper_GetMultiple_1 generated for M:GW2CSharp.V2.Unauthenticated.Commerce.PriceWrapper.GetMultiple(System.Int32[])
    Unique name M_GW2CSharp_V2_Unauthenticated_Continents_ContinentWrapper_GetAll_1 generated for M:GW2CSharp.V2.Unauthenticated.Continents.ContinentWrapper.GetAll(GW2CSharp.Enums.RequestedLanguage)
    Unique name M_GW2CSharp_V2_Unauthenticated_Continents_ContinentWrapper_GetById_1 generated for M:GW2CSharp.V2.Unauthenticated.Continents.ContinentWrapper.GetById(System.Int32,GW2CSharp.Enums.RequestedLanguage)
    Unique name M_GW2CSharp_V2_Unauthenticated_Currencies_CurrencyWrapper_Get_1 generated for M:GW2CSharp.V2.Unauthenticated.Currencies.CurrencyWrapper.Get(GW2CSharp.V2.Unauthenticated.Currencies.Enums.CurrencyType,GW2CSharp.Enums.RequestedLanguage)
    Unique name M_GW2CSharp_V2_Unauthenticated_Currencies_CurrencyWrapper_GetAll_1 generated for M:GW2CSharp.V2.Unauthenticated.Currencies.CurrencyWrapper.GetAll(GW2CSharp.Enums.RequestedLanguage)
    Unique name M_GW2CSharp_V2_Unauthenticated_Files_RessourceFileWrapper_GetMultiple_1 generated for M:GW2CSharp.V2.Unauthenticated.Files.RessourceFileWrapper.GetMultiple(System.String[])
    Unique name M_GW2CSharp_V2_Unauthenticated_Items_ItemWrapper__ctor_1 generated for M:GW2CSharp.V2.Unauthenticated.Items.ItemWrapper.#ctor(GW2CSharp.Enums.RequestedLanguage)
    Unique name M_GW2CSharp_V2_Unauthenticated_Items_ItemWrapper_GetAll_1 generated for M:GW2CSharp.V2.Unauthenticated.Items.ItemWrapper.GetAll(GW2CSharp.Enums.RequestedLanguage)
    Unique name M_GW2CSharp_V2_Unauthenticated_Items_ItemWrapper_GetById_1 generated for M:GW2CSharp.V2.Unauthenticated.Items.ItemWrapper.GetById(System.Int32,GW2CSharp.Enums.RequestedLanguage)
    Unique name M_GW2CSharp_V2_Unauthenticated_Items_Skins_SkinWrapper__ctor_1 generated for M:GW2CSharp.V2.Unauthenticated.Items.Skins.SkinWrapper.#ctor(GW2CSharp.Enums.RequestedLanguage)
    Unique name M_GW2CSharp_V2_Unauthenticated_Maps_MapWrapper_GetAll_1 generated for M:GW2CSharp.V2.Unauthenticated.Maps.MapWrapper.GetAll(GW2CSharp.Enums.RequestedLanguage)
    Unique name M_GW2CSharp_V2_Unauthenticated_Maps_MapWrapper_GetById_1 generated for M:GW2CSharp.V2.Unauthenticated.Maps.MapWrapper.GetById(System.Int32,GW2CSharp.Enums.RequestedLanguage)
    Unique name M_GW2CSharp_V2_Unauthenticated_Minis_MinisWrapper_Get_1 generated for M:GW2CSharp.V2.Unauthenticated.Minis.MinisWrapper.Get(System.Int32,GW2CSharp.Enums.RequestedLanguage)
    Unique name M_GW2CSharp_V2_Unauthenticated_Minis_MinisWrapper_GetAll_1 generated for M:GW2CSharp.V2.Unauthenticated.Minis.MinisWrapper.GetAll(GW2CSharp.Enums.RequestedLanguage)
    Unique name M_GW2CSharp_V2_Unauthenticated_Worlds_WorldWrapper__ctor_1 generated for M:GW2CSharp.V2.Unauthenticated.Worlds.WorldWrapper.#ctor(GW2CSharp.Enums.RequestedLanguage)
    Unique name M_GW2CSharp_V2_Unauthenticated_Worlds_WorldWrapper_GetAll_1 generated for M:GW2CSharp.V2.Unauthenticated.Worlds.WorldWrapper.GetAll(GW2CSharp.Enums.RequestedLanguage)
    Unique name M_GW2CSharp_V2_Unauthenticated_Worlds_WorldWrapper_GetById_1 generated for M:GW2CSharp.V2.Unauthenticated.Worlds.WorldWrapper.GetById(System.Int32,GW2CSharp.Enums.RequestedLanguage)
    Unique name M_GW2CSharp_V2_Unauthenticated_Worlds_WorldWrapper_GetByIds_1 generated for M:GW2CSharp.V2.Unauthenticated.Worlds.WorldWrapper.GetByIds(System.Collections.Generic.IEnumerable{System.Int32},GW2CSharp.Enums.RequestedLanguage)
    Unique name M_GW2CSharp_V2_Unauthenticated_Worlds_WorldWrapper_GetByIds_2 generated for M:GW2CSharp.V2.Unauthenticated.Worlds.WorldWrapper.GetByIds(System.Int32[])
    Unique name M_GW2CSharp_V2_Unauthenticated_Worlds_WorldWrapper_GetByPage_1 generated for M:GW2CSharp.V2.Unauthenticated.Worlds.WorldWrapper.GetByPage(System.Int32,System.Int32,GW2CSharp.Enums.RequestedLanguage)
    Unique name M_GW2CSharp_V2_Unauthenticated_WvW_MatchesWrapper_GetAll_1 generated for M:GW2CSharp.V2.Unauthenticated.WvW.MatchesWrapper.GetAll(GW2CSharp.Enums.RequestedLanguage)
    Unique name M_GW2CSharp_V2_Unauthenticated_WvW_MatchesWrapper_GetById_1 generated for M:GW2CSharp.V2.Unauthenticated.WvW.MatchesWrapper.GetById(System.String,GW2CSharp.Enums.RequestedLanguage)
    Unique name M_GW2CSharp_V2_Unauthenticated_WvW_MatchesWrapper_GetByWorldId_1 generated for M:GW2CSharp.V2.Unauthenticated.WvW.MatchesWrapper.GetByWorldId(System.Int32,GW2CSharp.Enums.RequestedLanguage)
    Unique name M_GW2CSharp_V2_Unauthenticated_WvW_MatchesWrapper_GetMultipleById_1 generated for M:GW2CSharp.V2.Unauthenticated.WvW.MatchesWrapper.GetMultipleById(System.Collections.Generic.List{System.String},GW2CSharp.Enums.RequestedLanguage)
    Unique name M_GW2CSharp_V2_Unauthenticated_WvW_MatchesWrapper_GetMultipleById_2 generated for M:GW2CSharp.V2.Unauthenticated.WvW.MatchesWrapper.GetMultipleById(System.String[])
    Unique name M_GW2CSharp_V2_Unauthenticated_WvW_ObjectivesWrapper_GetAll_1 generated for M:GW2CSharp.V2.Unauthenticated.WvW.ObjectivesWrapper.GetAll(GW2CSharp.Enums.RequestedLanguage)
    Unique name M_GW2CSharp_V2_Unauthenticated_WvW_ObjectivesWrapper_GetById_1 generated for M:GW2CSharp.V2.Unauthenticated.WvW.ObjectivesWrapper.GetById(System.String,GW2CSharp.Enums.RequestedLanguage)
    Unique name M_GW2CSharp_V2_Unauthenticated_WvW_ObjectivesWrapper_GetMultiple_1 generated for M:GW2CSharp.V2.Unauthenticated.WvW.ObjectivesWrapper.GetMultiple(System.Collections.Generic.List{System.String},GW2CSharp.Enums.RequestedLanguage)
    Unique name M_GW2CSharp_V2_Unauthenticated_WvW_ObjectivesWrapper_GetMultiple_2 generated for M:GW2CSharp.V2.Unauthenticated.WvW.ObjectivesWrapper.GetMultiple(System.String[])
  XslTransform (v2015.7.25.0)
  Copyright &#184; 2006-2015, Microsoft Corporation, All Rights Reserved.
  Portions Copyright &#184; 2006-2015, Eric Woodruff, All Rights Reserved.
  Applying XSL transformation &#39;C:\Program Files (x86)\EWSoftware\Sandcastle Help File Builder\ProductionTransforms\ReflectionToManifest.xsl&#39;.
Done Building Project &quot;D:\Development\c#\GW2-CSharp-Documentation\Working\TransformManifest.proj&quot; (default targets).

Build succeeded.

Time Elapsed 00:00:00.35
    Last step completed in 00:00:00,4160
</buildStep>
<buildStep step="GenerateNamespaceSummaries">
Generating namespace summary information...
    Last step completed in 00:00:00,0350
</buildStep>
<buildStep step="CopyAdditionalContent">
Copying additional content files...
No additional content to copy
    Last step completed in 00:00:00,0020
</buildStep>
<buildStep step="MergeTablesOfContents">
Merging conceptual and additional tables of contents...
    Last step completed in 00:00:00,0000
</buildStep>
<buildStep step="GenerateIntermediateTableOfContents">
Generating intermediate table of contents file...
[C:\Windows\Microsoft.NET\Framework64\v4.0.30319\MSBuild.exe - GenerateIntermediateTOC.proj]
Build started 12.12.2015 02:08:51.
Project &quot;D:\Development\c#\GW2-CSharp-Documentation\Working\GenerateIntermediateTOC.proj&quot; on node 1 (default targets).
GenerateIntermediateTOC:
  XslTransform (v2015.7.25.0)
  Copyright &#184; 2006-2015, Microsoft Corporation, All Rights Reserved.
  Portions Copyright &#184; 2006-2015, Eric Woodruff, All Rights Reserved.
  Applying XSL transformation &#39;C:\Program Files (x86)\EWSoftware\Sandcastle Help File Builder\\ProductionTransforms\CreateVSToc.xsl&#39;.
Done Building Project &quot;D:\Development\c#\GW2-CSharp-Documentation\Working\GenerateIntermediateTOC.proj&quot; (default targets).

Build succeeded.

Time Elapsed 00:00:00.08
Generating conceptual content intermediate TOC file...
    Last step completed in 00:00:00,1530
</buildStep>
<buildStep step="CreateBuildAssemblerConfigs">
Creating Sandcastle configuration files...
    sandcastle.config
    Last step completed in 00:00:00,0970
</buildStep>
<buildStep step="MergeCustomConfigs">
Merging custom build component configurations
D:\Development\c#\GW2-CSharp-Documentation\Working\sandcastle.config
    Last step completed in 00:00:00,0040
</buildStep>
<buildStep step="BuildReferenceTopics">
Building reference help topics...
[C:\Windows\Microsoft.NET\Framework64\v4.0.30319\MSBuild.exe - BuildReferenceTopics.proj]
Build started 12.12.2015 02:08:51.
Project &quot;D:\Development\c#\GW2-CSharp-Documentation\Working\BuildReferenceTopics.proj&quot; on node 1 (default targets).
BuildReferenceTopics:
  BuildAssembler (v2015.7.25.0)
  Copyright &#184; 2006-2015, Microsoft Corporation, All Rights Reserved.
  Portions Copyright &#184; 2006-2015, Eric Woodruff, All Rights Reserved.
  Loading configuration...
  Processing topics...
BuildAssembler : warning : ShowMissingComponent: [P:GW2CSharp.V2.Unauthenticated.WvW.MatchObjective.Type] Missing &lt;summary&gt; documentation [D:\Development\c#\GW2-CSharp-Documentation\Working\BuildReferenceTopics.proj]
  Processed 763 topic(s)
  1 warning(s)
  CopyFromIndexComponent: &quot;reflection&quot; in-memory cache entries used: 4 of 15.
  CopyFromIndexComponent: &quot;comments&quot; in-memory cache entries used: 2 of 30.
Done Building Project &quot;D:\Development\c#\GW2-CSharp-Documentation\Working\BuildReferenceTopics.proj&quot; (default targets).

Build succeeded.

Time Elapsed 00:00:07.08
    Last step completed in 00:00:07,2003
</buildStep>
<buildStep step="CombiningIntermediateTocFiles">
Combining conceptual and API intermediate TOC files...
    Last step completed in 00:00:00,0040
</buildStep>
<buildStep step="ExtractingHtmlInfo">
Extracting HTML info for HTML Help 1 and/or website...
[C:\Windows\Microsoft.NET\Framework64\v4.0.30319\MSBuild.exe - ExtractHtmlInfo.proj]
Sandcastle Help File Builder and Tools, version 2015.7.25.0
Copyright &#184; 2006-2015, Eric Woodruff, All Rights Reserved
E-Mail: Eric@EWoodruff.us

Using LCID &#39;1033&#39;, code page &#39;65001&#39;, encoding charset &#39;UTF-8&#39;.

Processing website files in D:\Development\c#\GW2-CSharp-Documentation\Working\Output\Website
Processed 763 HTML files
Sorting keywords and generating See Also indices
Saving website keyword index to D:\Development\c#\GW2-CSharp-Documentation\Working\WebKI.xml
Saving website table of contents to D:\Development\c#\GW2-CSharp-Documentation\Working\WebTOC.xml
    Last step completed in 00:00:00,6080
</buildStep>
<buildStep step="CopyStandardHelpContent">
Copying standard help content...
C:\Program Files (x86)\EWSoftware\Sandcastle Help File Builder\PresentationStyles\VS2013\icons\AlertCaution.png -&gt; D:\Development\c#\GW2-CSharp-Documentation\Working\Output\Website\icons\AlertCaution.png
C:\Program Files (x86)\EWSoftware\Sandcastle Help File Builder\PresentationStyles\VS2013\icons\AlertNote.png -&gt; D:\Development\c#\GW2-CSharp-Documentation\Working\Output\Website\icons\AlertNote.png
C:\Program Files (x86)\EWSoftware\Sandcastle Help File Builder\PresentationStyles\VS2013\icons\AlertSecurity.png -&gt; D:\Development\c#\GW2-CSharp-Documentation\Working\Output\Website\icons\AlertSecurity.png
C:\Program Files (x86)\EWSoftware\Sandcastle Help File Builder\PresentationStyles\VS2013\icons\CFW.gif -&gt; D:\Development\c#\GW2-CSharp-Documentation\Working\Output\Website\icons\CFW.gif
C:\Program Files (x86)\EWSoftware\Sandcastle Help File Builder\PresentationStyles\VS2013\icons\CodeExample.png -&gt; D:\Development\c#\GW2-CSharp-Documentation\Working\Output\Website\icons\CodeExample.png
C:\Program Files (x86)\EWSoftware\Sandcastle Help File Builder\PresentationStyles\VS2013\icons\favicon.ico -&gt; D:\Development\c#\GW2-CSharp-Documentation\Working\Output\Website\icons\favicon.ico
C:\Program Files (x86)\EWSoftware\Sandcastle Help File Builder\PresentationStyles\VS2013\icons\privclass.gif -&gt; D:\Development\c#\GW2-CSharp-Documentation\Working\Output\Website\icons\privclass.gif
C:\Program Files (x86)\EWSoftware\Sandcastle Help File Builder\PresentationStyles\VS2013\icons\privdelegate.gif -&gt; D:\Development\c#\GW2-CSharp-Documentation\Working\Output\Website\icons\privdelegate.gif
C:\Program Files (x86)\EWSoftware\Sandcastle Help File Builder\PresentationStyles\VS2013\icons\privenumeration.gif -&gt; D:\Development\c#\GW2-CSharp-Documentation\Working\Output\Website\icons\privenumeration.gif
C:\Program Files (x86)\EWSoftware\Sandcastle Help File Builder\PresentationStyles\VS2013\icons\privevent.gif -&gt; D:\Development\c#\GW2-CSharp-Documentation\Working\Output\Website\icons\privevent.gif
C:\Program Files (x86)\EWSoftware\Sandcastle Help File Builder\PresentationStyles\VS2013\icons\privextension.gif -&gt; D:\Development\c#\GW2-CSharp-Documentation\Working\Output\Website\icons\privextension.gif
C:\Program Files (x86)\EWSoftware\Sandcastle Help File Builder\PresentationStyles\VS2013\icons\privfield.gif -&gt; D:\Development\c#\GW2-CSharp-Documentation\Working\Output\Website\icons\privfield.gif
C:\Program Files (x86)\EWSoftware\Sandcastle Help File Builder\PresentationStyles\VS2013\icons\privinterface.gif -&gt; D:\Development\c#\GW2-CSharp-Documentation\Working\Output\Website\icons\privinterface.gif
C:\Program Files (x86)\EWSoftware\Sandcastle Help File Builder\PresentationStyles\VS2013\icons\privmethod.gif -&gt; D:\Development\c#\GW2-CSharp-Documentation\Working\Output\Website\icons\privmethod.gif
C:\Program Files (x86)\EWSoftware\Sandcastle Help File Builder\PresentationStyles\VS2013\icons\privproperty.gif -&gt; D:\Development\c#\GW2-CSharp-Documentation\Working\Output\Website\icons\privproperty.gif
C:\Program Files (x86)\EWSoftware\Sandcastle Help File Builder\PresentationStyles\VS2013\icons\privstructure.gif -&gt; D:\Development\c#\GW2-CSharp-Documentation\Working\Output\Website\icons\privstructure.gif
C:\Program Files (x86)\EWSoftware\Sandcastle Help File Builder\PresentationStyles\VS2013\icons\protclass.gif -&gt; D:\Development\c#\GW2-CSharp-Documentation\Working\Output\Website\icons\protclass.gif
C:\Program Files (x86)\EWSoftware\Sandcastle Help File Builder\PresentationStyles\VS2013\icons\protdelegate.gif -&gt; D:\Development\c#\GW2-CSharp-Documentation\Working\Output\Website\icons\protdelegate.gif
C:\Program Files (x86)\EWSoftware\Sandcastle Help File Builder\PresentationStyles\VS2013\icons\protenumeration.gif -&gt; D:\Development\c#\GW2-CSharp-Documentation\Working\Output\Website\icons\protenumeration.gif
C:\Program Files (x86)\EWSoftware\Sandcastle Help File Builder\PresentationStyles\VS2013\icons\protevent.gif -&gt; D:\Development\c#\GW2-CSharp-Documentation\Working\Output\Website\icons\protevent.gif
C:\Program Files (x86)\EWSoftware\Sandcastle Help File Builder\PresentationStyles\VS2013\icons\protextension.gif -&gt; D:\Development\c#\GW2-CSharp-Documentation\Working\Output\Website\icons\protextension.gif
C:\Program Files (x86)\EWSoftware\Sandcastle Help File Builder\PresentationStyles\VS2013\icons\protfield.gif -&gt; D:\Development\c#\GW2-CSharp-Documentation\Working\Output\Website\icons\protfield.gif
C:\Program Files (x86)\EWSoftware\Sandcastle Help File Builder\PresentationStyles\VS2013\icons\protinterface.gif -&gt; D:\Development\c#\GW2-CSharp-Documentation\Working\Output\Website\icons\protinterface.gif
C:\Program Files (x86)\EWSoftware\Sandcastle Help File Builder\PresentationStyles\VS2013\icons\protmethod.gif -&gt; D:\Development\c#\GW2-CSharp-Documentation\Working\Output\Website\icons\protmethod.gif
C:\Program Files (x86)\EWSoftware\Sandcastle Help File Builder\PresentationStyles\VS2013\icons\protoperator.gif -&gt; D:\Development\c#\GW2-CSharp-Documentation\Working\Output\Website\icons\protoperator.gif
C:\Program Files (x86)\EWSoftware\Sandcastle Help File Builder\PresentationStyles\VS2013\icons\protproperty.gif -&gt; D:\Development\c#\GW2-CSharp-Documentation\Working\Output\Website\icons\protproperty.gif
C:\Program Files (x86)\EWSoftware\Sandcastle Help File Builder\PresentationStyles\VS2013\icons\protstructure.gif -&gt; D:\Development\c#\GW2-CSharp-Documentation\Working\Output\Website\icons\protstructure.gif
C:\Program Files (x86)\EWSoftware\Sandcastle Help File Builder\PresentationStyles\VS2013\icons\pubclass.gif -&gt; D:\Development\c#\GW2-CSharp-Documentation\Working\Output\Website\icons\pubclass.gif
C:\Program Files (x86)\EWSoftware\Sandcastle Help File Builder\PresentationStyles\VS2013\icons\pubdelegate.gif -&gt; D:\Development\c#\GW2-CSharp-Documentation\Working\Output\Website\icons\pubdelegate.gif
C:\Program Files (x86)\EWSoftware\Sandcastle Help File Builder\PresentationStyles\VS2013\icons\pubenumeration.gif -&gt; D:\Development\c#\GW2-CSharp-Documentation\Working\Output\Website\icons\pubenumeration.gif
C:\Program Files (x86)\EWSoftware\Sandcastle Help File Builder\PresentationStyles\VS2013\icons\pubevent.gif -&gt; D:\Development\c#\GW2-CSharp-Documentation\Working\Output\Website\icons\pubevent.gif
C:\Program Files (x86)\EWSoftware\Sandcastle Help File Builder\PresentationStyles\VS2013\icons\pubextension.gif -&gt; D:\Development\c#\GW2-CSharp-Documentation\Working\Output\Website\icons\pubextension.gif
C:\Program Files (x86)\EWSoftware\Sandcastle Help File Builder\PresentationStyles\VS2013\icons\pubfield.gif -&gt; D:\Development\c#\GW2-CSharp-Documentation\Working\Output\Website\icons\pubfield.gif
C:\Program Files (x86)\EWSoftware\Sandcastle Help File Builder\PresentationStyles\VS2013\icons\pubinterface.gif -&gt; D:\Development\c#\GW2-CSharp-Documentation\Working\Output\Website\icons\pubinterface.gif
C:\Program Files (x86)\EWSoftware\Sandcastle Help File Builder\PresentationStyles\VS2013\icons\pubmethod.gif -&gt; D:\Development\c#\GW2-CSharp-Documentation\Working\Output\Website\icons\pubmethod.gif
C:\Program Files (x86)\EWSoftware\Sandcastle Help File Builder\PresentationStyles\VS2013\icons\puboperator.gif -&gt; D:\Development\c#\GW2-CSharp-Documentation\Working\Output\Website\icons\puboperator.gif
C:\Program Files (x86)\EWSoftware\Sandcastle Help File Builder\PresentationStyles\VS2013\icons\pubproperty.gif -&gt; D:\Development\c#\GW2-CSharp-Documentation\Working\Output\Website\icons\pubproperty.gif
C:\Program Files (x86)\EWSoftware\Sandcastle Help File Builder\PresentationStyles\VS2013\icons\pubstructure.gif -&gt; D:\Development\c#\GW2-CSharp-Documentation\Working\Output\Website\icons\pubstructure.gif
C:\Program Files (x86)\EWSoftware\Sandcastle Help File Builder\PresentationStyles\VS2013\icons\SectionCollapsed.png -&gt; D:\Development\c#\GW2-CSharp-Documentation\Working\Output\Website\icons\SectionCollapsed.png
C:\Program Files (x86)\EWSoftware\Sandcastle Help File Builder\PresentationStyles\VS2013\icons\SectionExpanded.png -&gt; D:\Development\c#\GW2-CSharp-Documentation\Working\Output\Website\icons\SectionExpanded.png
C:\Program Files (x86)\EWSoftware\Sandcastle Help File Builder\PresentationStyles\VS2013\icons\slMobile.gif -&gt; D:\Development\c#\GW2-CSharp-Documentation\Working\Output\Website\icons\slMobile.gif
C:\Program Files (x86)\EWSoftware\Sandcastle Help File Builder\PresentationStyles\VS2013\icons\static.gif -&gt; D:\Development\c#\GW2-CSharp-Documentation\Working\Output\Website\icons\static.gif
C:\Program Files (x86)\EWSoftware\Sandcastle Help File Builder\PresentationStyles\VS2013\icons\xna.gif -&gt; D:\Development\c#\GW2-CSharp-Documentation\Working\Output\Website\icons\xna.gif
C:\Program Files (x86)\EWSoftware\Sandcastle Help File Builder\PresentationStyles\VS2013\scripts\branding.js -&gt; D:\Development\c#\GW2-CSharp-Documentation\Working\Output\Website\scripts\branding.js
C:\Program Files (x86)\EWSoftware\Sandcastle Help File Builder\PresentationStyles\VS2013\styles\branding-cs-CZ.css -&gt; D:\Development\c#\GW2-CSharp-Documentation\Working\Output\Website\styles\branding-cs-CZ.css
C:\Program Files (x86)\EWSoftware\Sandcastle Help File Builder\PresentationStyles\VS2013\styles\branding-de-DE.css -&gt; D:\Development\c#\GW2-CSharp-Documentation\Working\Output\Website\styles\branding-de-DE.css
C:\Program Files (x86)\EWSoftware\Sandcastle Help File Builder\PresentationStyles\VS2013\styles\branding-en-US.css -&gt; D:\Development\c#\GW2-CSharp-Documentation\Working\Output\Website\styles\branding-en-US.css
C:\Program Files (x86)\EWSoftware\Sandcastle Help File Builder\PresentationStyles\VS2013\styles\branding-es-ES.css -&gt; D:\Development\c#\GW2-CSharp-Documentation\Working\Output\Website\styles\branding-es-ES.css
C:\Program Files (x86)\EWSoftware\Sandcastle Help File Builder\PresentationStyles\VS2013\styles\branding-fr-FR.css -&gt; D:\Development\c#\GW2-CSharp-Documentation\Working\Output\Website\styles\branding-fr-FR.css
C:\Program Files (x86)\EWSoftware\Sandcastle Help File Builder\PresentationStyles\VS2013\styles\branding-Help1.css -&gt; D:\Development\c#\GW2-CSharp-Documentation\Working\Output\Website\styles\branding-Help1.css
C:\Program Files (x86)\EWSoftware\Sandcastle Help File Builder\PresentationStyles\VS2013\styles\branding-HelpViewer.css -&gt; D:\Development\c#\GW2-CSharp-Documentation\Working\Output\Website\styles\branding-HelpViewer.css
C:\Program Files (x86)\EWSoftware\Sandcastle Help File Builder\PresentationStyles\VS2013\styles\branding-it-IT.css -&gt; D:\Development\c#\GW2-CSharp-Documentation\Working\Output\Website\styles\branding-it-IT.css
C:\Program Files (x86)\EWSoftware\Sandcastle Help File Builder\PresentationStyles\VS2013\styles\branding-ja-JP.css -&gt; D:\Development\c#\GW2-CSharp-Documentation\Working\Output\Website\styles\branding-ja-JP.css
C:\Program Files (x86)\EWSoftware\Sandcastle Help File Builder\PresentationStyles\VS2013\styles\branding-ko-KR.css -&gt; D:\Development\c#\GW2-CSharp-Documentation\Working\Output\Website\styles\branding-ko-KR.css
C:\Program Files (x86)\EWSoftware\Sandcastle Help File Builder\PresentationStyles\VS2013\styles\branding-pl-PL.css -&gt; D:\Development\c#\GW2-CSharp-Documentation\Working\Output\Website\styles\branding-pl-PL.css
C:\Program Files (x86)\EWSoftware\Sandcastle Help File Builder\PresentationStyles\VS2013\styles\branding-pt-BR.css -&gt; D:\Development\c#\GW2-CSharp-Documentation\Working\Output\Website\styles\branding-pt-BR.css
C:\Program Files (x86)\EWSoftware\Sandcastle Help File Builder\PresentationStyles\VS2013\styles\branding-ru-RU.css -&gt; D:\Development\c#\GW2-CSharp-Documentation\Working\Output\Website\styles\branding-ru-RU.css
C:\Program Files (x86)\EWSoftware\Sandcastle Help File Builder\PresentationStyles\VS2013\styles\branding-tr-TR.css -&gt; D:\Development\c#\GW2-CSharp-Documentation\Working\Output\Website\styles\branding-tr-TR.css
C:\Program Files (x86)\EWSoftware\Sandcastle Help File Builder\PresentationStyles\VS2013\styles\branding-Website.css -&gt; D:\Development\c#\GW2-CSharp-Documentation\Working\Output\Website\styles\branding-Website.css
C:\Program Files (x86)\EWSoftware\Sandcastle Help File Builder\PresentationStyles\VS2013\styles\branding-zh-CN.css -&gt; D:\Development\c#\GW2-CSharp-Documentation\Working\Output\Website\styles\branding-zh-CN.css
C:\Program Files (x86)\EWSoftware\Sandcastle Help File Builder\PresentationStyles\VS2013\styles\branding-zh-TW.css -&gt; D:\Development\c#\GW2-CSharp-Documentation\Working\Output\Website\styles\branding-zh-TW.css
C:\Program Files (x86)\EWSoftware\Sandcastle Help File Builder\PresentationStyles\VS2013\styles\branding.css -&gt; D:\Development\c#\GW2-CSharp-Documentation\Working\Output\Website\styles\branding.css
C:\Program Files (x86)\EWSoftware\Sandcastle Help File Builder\PresentationStyles\VS2013\Web\index.html -&gt; D:\Development\c#\GW2-CSharp-Documentation\Working\Output\Website\index.html
C:\Program Files (x86)\EWSoftware\Sandcastle Help File Builder\PresentationStyles\VS2013\Web\search.html -&gt; D:\Development\c#\GW2-CSharp-Documentation\Working\Output\Website\search.html
C:\Program Files (x86)\EWSoftware\Sandcastle Help File Builder\PresentationStyles\VS2013\Web\SearchHelp.aspx -&gt; D:\Development\c#\GW2-CSharp-Documentation\Working\Output\Website\SearchHelp.aspx
C:\Program Files (x86)\EWSoftware\Sandcastle Help File Builder\PresentationStyles\VS2013\Web\SearchHelp.inc.php -&gt; D:\Development\c#\GW2-CSharp-Documentation\Working\Output\Website\SearchHelp.inc.php
C:\Program Files (x86)\EWSoftware\Sandcastle Help File Builder\PresentationStyles\VS2013\Web\SearchHelp.php -&gt; D:\Development\c#\GW2-CSharp-Documentation\Working\Output\Website\SearchHelp.php
C:\Program Files (x86)\EWSoftware\Sandcastle Help File Builder\PresentationStyles\VS2013\Web\Web.Config -&gt; D:\Development\c#\GW2-CSharp-Documentation\Working\Output\Website\Web.Config
C:\Program Files (x86)\EWSoftware\Sandcastle Help File Builder\PresentationStyles\VS2013\Web\icons\Search.png -&gt; D:\Development\c#\GW2-CSharp-Documentation\Working\Output\Website\icons\Search.png
C:\Program Files (x86)\EWSoftware\Sandcastle Help File Builder\PresentationStyles\VS2013\Web\icons\TocClose.gif -&gt; D:\Development\c#\GW2-CSharp-Documentation\Working\Output\Website\icons\TocClose.gif
C:\Program Files (x86)\EWSoftware\Sandcastle Help File Builder\PresentationStyles\VS2013\Web\icons\TocCollapsed.gif -&gt; D:\Development\c#\GW2-CSharp-Documentation\Working\Output\Website\icons\TocCollapsed.gif
C:\Program Files (x86)\EWSoftware\Sandcastle Help File Builder\PresentationStyles\VS2013\Web\icons\TocExpanded.gif -&gt; D:\Development\c#\GW2-CSharp-Documentation\Working\Output\Website\icons\TocExpanded.gif
C:\Program Files (x86)\EWSoftware\Sandcastle Help File Builder\PresentationStyles\VS2013\Web\icons\TocOpen.gif -&gt; D:\Development\c#\GW2-CSharp-Documentation\Working\Output\Website\icons\TocOpen.gif
C:\Program Files (x86)\EWSoftware\Sandcastle Help File Builder\PresentationStyles\VS2013\Web\scripts\branding-Website.js -&gt; D:\Development\c#\GW2-CSharp-Documentation\Working\Output\Website\scripts\branding-Website.js
C:\Program Files (x86)\EWSoftware\Sandcastle Help File Builder\PresentationStyles\VS2013\Web\scripts\jquery-1.11.0.min.js -&gt; D:\Development\c#\GW2-CSharp-Documentation\Working\Output\Website\scripts\jquery-1.11.0.min.js
    Last step completed in 00:00:00,0280
</buildStep>
<buildStep step="GenerateHelpFormatTableOfContents">
Generating website table of contents file...
    Last step completed in 00:00:00,0000
</buildStep>
<buildStep step="GenerateFullTextIndex">
Generating full-text index for the website...

<plugIn name="Lightweight Website Style" behavior="After" priority="1000">
Adding lightweight search and TOC elements to each topic...
</plugIn>    Last step completed in 00:00:02,7652
</buildStep>
<buildStep step="CopyingWebsiteFiles">
Copying website files to output folder...

Copied 500 files
Copied 1000 files
Copied 1101 files for the website content
    Last step completed in 00:00:01,7455
</buildStep>
<buildStep step="CleanIntermediates">
Removing intermediate files...
    Last step completed in 00:00:00,2130
</buildStep>
<buildStep step="Completed">

Build completed successfully at 12.12.2015 02:09:04.  Total time: 00:00:14,3061

</buildStep>
</shfbBuild>
